<?xml version="1.0" encoding="UTF-8"?>
<!-- Generated by org.testng.reporters.JUnitXMLReporter -->
<testsuite hostname="Avinash-SFIN516" ignored="4" name="Test" tests="3" failures="2" timestamp="22 Jul 2022 03:47:42 GMT" time="16.7" errors="0">
  <testcase name="@AfterMethod TearDown" time="0.0" classname="com.qa.TestBase.BaseClass">
    <failure type="java.lang.NullPointerException">
      <![CDATA[java.lang.NullPointerException
at com.qa.TestBase.BaseClass.TearDown(BaseClass.java:76)
... Removed 28 stack frames]]>
    </failure>
  </testcase> <!-- @AfterMethod TearDown -->
  <testcase name="@AfterMethod TearDown" time="0.001" classname="com.qa.TestBase.BaseClass">
    <failure type="java.lang.NullPointerException">
      <![CDATA[java.lang.NullPointerException
at com.qa.TestBase.BaseClass.TearDown(BaseClass.java:76)
... Removed 28 stack frames]]>
    </failure>
  </testcase> <!-- @AfterMethod TearDown -->
  <testcase name="TitleTest1" time="0.075" classname="com.qa.Test.TitleTest"/>
  <testcase name="joined" time="0.002" classname="com.qa.Test.JoinPrimeTest">
    <failure type="java.lang.NullPointerException">
      <![CDATA[java.lang.NullPointerException
at com.qa.Test.JoinPrimeTest.joined(JoinPrimeTest.java:12)
... Removed 25 stack frames]]>
    </failure>
  </testcase> <!-- joined -->
  <testcase name="added" time="0.002" classname="com.qa.Test.AddCartTest">
    <failure type="java.lang.NullPointerException">
      <![CDATA[java.lang.NullPointerException
at com.qa.Test.AddCartTest.added(AddCartTest.java:17)
... Removed 25 stack frames]]>
    </failure>
  </testcase> <!-- added -->
  <testcase name="@BeforeSuite setReport" time="0.0" classname="com.qa.TestBase.BaseClass">
    <ignored/>
  </testcase> <!-- @BeforeSuite setReport -->
  <testcase name="@BeforeSuite setReport" time="0.0" classname="com.qa.TestBase.BaseClass">
    <ignored/>
  </testcase> <!-- @BeforeSuite setReport -->
  <testcase name="@AfterSuite endReport" time="0.0" classname="com.qa.TestBase.BaseClass">
    <ignored/>
  </testcase> <!-- @AfterSuite endReport -->
  <testcase name="@AfterSuite endReport" time="0.0" classname="com.qa.TestBase.BaseClass">
    <ignored/>
  </testcase> <!-- @AfterSuite endReport -->
</testsuite> <!-- Test -->
